<?xml version="1.0" encoding="UTF-8"?>
<testng-results ignored="0" total="1" passed="1" failed="0" skipped="0">
  <reporter-output>
  </reporter-output>
  <suite started-at="2022-09-22T16:18:49 IST" name="Default suite" finished-at="2022-09-22T16:18:52 IST" duration-ms="2590">
    <groups>
    </groups>
    <test started-at="2022-09-22T16:18:49 IST" name="Default test" finished-at="2022-09-22T16:18:52 IST" duration-ms="2590">
      <class name="com.restassured.RestAssuredd">
        <test-method signature="get()[pri:0, instance:com.restassured.RestAssuredd@156b88f5]" started-at="2022-09-22T16:18:49 IST" name="get" finished-at="2022-09-22T16:18:52 IST" duration-ms="2526" status="PASS">
          <reporter-output>
          </reporter-output>
        </test-method> <!-- get -->
      </class> <!-- com.restassured.RestAssuredd -->
    </test> <!-- Default test -->
  </suite> <!-- Default suite -->
</testng-results>
